Arguments: 
  /usr/local/bin/node /usr/share/yarn/bin/yarn.js add webpack^3.0.0

PATH: 
  /home/kartik/jdk1.8.0_111/bin:/home/kartik/bin:/home/kartik/.local/bin:/usr/local/sbin:/usr/local/bin:/usr/sbin:/usr/bin:/sbin:/bin:/usr/games:/usr/local/games:/snap/bin:/home/kartik/Android/Sdk/tools:/home/kartik/Android/Sdk/platform-tools

Yarn version: 
  1.3.2

Node version: 
  9.2.1

Platform: 
  linux x64

npm manifest: 
  {
    "name": "phaserdemo",
    "version": "1.0.0",
    "main": "index.js",
    "license": "MIT"
  }

yarn manifest: 
  No manifest

Lockfile: 
  No lockfile

Trace: 
  Error: https://registry.yarnpkg.com/webpack%5E3.0.0: Not found
      at Request.params.callback [as _callback] (/usr/share/yarn/lib/cli.js:62098:18)
      at Request.self.callback (/usr/share/yarn/lib/cli.js:123085:22)
      at Request.emit (events.js:159:13)
      at Request.<anonymous> (/usr/share/yarn/lib/cli.js:124068:10)
      at Request.emit (events.js:159:13)
      at IncomingMessage.<anonymous> (/usr/share/yarn/lib/cli.js:123988:12)
      at Object.onceWrapper (events.js:254:19)
      at IncomingMessage.emit (events.js:164:20)
      at endReadableNT (_stream_readable.js:1054:12)
      at _combinedTickCallback (internal/process/next_tick.js:138:11)
